#
# There is insufficient memory for the Java Runtime Environment to continue.
# Native memory allocation (malloc) failed to allocate 1048576 bytes for AllocateHeap
# Possible reasons:
#   The system is out of physical RAM or swap space
#   In 32 bit mode, the process size limit was hit
# Possible solutions:
#   Reduce memory load on the system
#   Increase physical memory or swap space
#   Check if swap backing store is full
#   Use 64 bit Java on a 64 bit OS
#   Decrease Java heap size (-Xmx/-Xms)
#   Decrease number of Java threads
#   Decrease Java thread stack sizes (-Xss)
#   Set larger code cache with -XX:ReservedCodeCacheSize=
# This output file may be truncated or incomplete.
#
#  Out of Memory Error (memory/allocation.inline.hpp:61), pid=7688, tid=3208
#
# JRE version:  (7.0_79-b15) (build )
# Java VM: Java HotSpot(TM) 64-Bit Server VM (24.79-b02 mixed mode windows-amd64 compressed oops)
# Failed to write core dump. Minidumps are not enabled by default on client versions of Windows
#

---------------  T H R E A D  ---------------

Current thread (0x000000000289d800):  JavaThread "Unknown thread" [_thread_in_vm, id=3208, stack(0x00000000024d0000,0x00000000025d0000)]

Stack: [0x00000000024d0000,0x00000000025d0000]
[error occurred during error reporting (printing stack bounds), id 0xc0000005]


---------------  P R O C E S S  ---------------

Java Threads: ( => current thread )

Other Threads:

=>0x000000000289d800 (exited) JavaThread "Unknown thread" [_thread_in_vm, id=3208, stack(0x00000000024d0000,0x00000000025d0000)]

VM state:not at safepoint (normal execution)

VM Mutex/Monitor currently owned by a thread: None

Heap
 PSYoungGen      total 18944K, used 327K [0x00000000eb400000, 0x00000000ec900000, 0x0000000100000000)
  eden space 16384K, 2% used [0x00000000eb400000,0x00000000eb451f10,0x00000000ec400000)
  from space 2560K, 0% used [0x00000000ec680000,0x00000000ec680000,0x00000000ec900000)
  to   space 2560K, 0% used [0x00000000ec400000,0x00000000ec400000,0x00000000ec680000)
 ParOldGen       total 42496K, used 0K [0x00000000c1c00000, 0x00000000c4580000, 0x00000000eb400000)
  object space 42496K, 0% used [0x00000000c1c00000,0x00000000c1c00000,0x00000000c4580000)
 PSPermGen       total 21504K, used 697K [0x00000000bca00000, 0x00000000bdf00000, 0x00000000c1c00000)
  object space 21504K, 3% used [0x00000000bca00000,0x00000000bcaae588,0x00000000bdf00000)

Card table byte_map: [0x00000000058a0000,0x0000000005ac0000] byte_map_base: 0x00000000052bb000

Polling page: 0x0000000000bc0000

Code Cache  [0x00000000028a0000, 0x0000000002b10000, 0x00000000058a0000)
 total_blobs=38 nmethods=0 adapters=20 free_code_cache=48889Kb largest_free_block=50062528

Compilation events (0 events):
No events

GC Heap History (0 events):
No events

Deoptimization events (0 events):
No events

Internal exceptions (0 events):
No events

Events (10 events):
Event: 0.089 loading class 0x00000000026f7a30
Event: 0.090 loading class 0x00000000026f7a30 done
Event: 0.090 loading class 0x00000000026f7a80
Event: 0.090 loading class 0x00000000026f7a80 done
Event: 0.091 loading class 0x00000000026f7ad0
Event: 0.091 loading class 0x00000000026f7ad0 done
Event: 0.093 loading class 0x00000000026f8850
Event: 0.094 loading class 0x00000000026f8850 done
Event: 0.094 loading class 0x00000000026f8470
Event: 0.094 loading class 0x00000000026f8470 done


Dynamic libraries:
0x00007ff6e1920000 - 0x00007ff6e1953000 	C:\Program Files\Java\jdk1.7.0_79\bin\java.exe
0x00007fff6ad90000 - 0x00007fff6af3c000 	C:\Windows\SYSTEM32\ntdll.dll
0x00007fff686a0000 - 0x00007fff687de000 	C:\Windows\system32\KERNEL32.DLL
0x00007fff68240000 - 0x00007fff68355000 	C:\Windows\system32\KERNELBASE.dll
0x00007fff66a80000 - 0x00007fff66b0e000 	C:\Windows\system32\apphelp.dll
0x00007fff65880000 - 0x00007fff658d3000 	C:\Windows\AppPatch\AppPatch64\AcGenral.DLL
0x00007fff6ace0000 - 0x00007fff6ad8a000 	C:\Windows\system32\msvcrt.dll
0x00007fff67d10000 - 0x00007fff67d3e000 	C:\Windows\SYSTEM32\SspiCli.dll
0x00007fff68640000 - 0x00007fff68694000 	C:\Windows\system32\SHLWAPI.dll
0x00007fff6ab60000 - 0x00007fff6acd7000 	C:\Windows\system32\USER32.dll
0x00007fff68f90000 - 0x00007fff69124000 	C:\Windows\system32\ole32.dll
0x00007fff69130000 - 0x00007fff6a65b000 	C:\Windows\system32\SHELL32.dll
0x00007fff67480000 - 0x00007fff674a1000 	C:\Windows\SYSTEM32\USERENV.dll
0x00007fff6a810000 - 0x00007fff6a8ba000 	C:\Windows\system32\ADVAPI32.dll
0x00007fff59f40000 - 0x00007fff59f5e000 	C:\Windows\SYSTEM32\MPR.dll
0x00007fff689f0000 - 0x00007fff68b31000 	C:\Windows\system32\RPCRT4.dll
0x00007fff68f30000 - 0x00007fff68f89000 	C:\Windows\SYSTEM32\sechost.dll
0x00007fff6a8c0000 - 0x00007fff6aad1000 	C:\Windows\SYSTEM32\combase.dll
0x00007fff68b40000 - 0x00007fff68c8f000 	C:\Windows\system32\GDI32.dll
0x00007fff67ee0000 - 0x00007fff67ef5000 	C:\Windows\SYSTEM32\profapi.dll
0x00007fff66430000 - 0x00007fff664e2000 	C:\Windows\SYSTEM32\SHCORE.dll
0x00007fff68950000 - 0x00007fff68986000 	C:\Windows\system32\IMM32.DLL
0x00007fff687e0000 - 0x00007fff68932000 	C:\Windows\system32\MSCTF.dll
0x00007fff65ba0000 - 0x00007fff65e1b000 	C:\Windows\WinSxS\amd64_microsoft.windows.common-controls_6595b64144ccf1df_6.0.9600.18006_none_623f33d3ecbe86e8\COMCTL32.dll
0x000000005e720000 - 0x000000005e7f2000 	C:\Program Files\Java\jdk1.7.0_79\jre\bin\msvcr100.dll
0x000000005df40000 - 0x000000005e715000 	C:\Program Files\Java\jdk1.7.0_79\jre\bin\server\jvm.dll
0x00007fff53560000 - 0x00007fff53569000 	C:\Windows\SYSTEM32\WSOCK32.dll
0x00007fff65120000 - 0x00007fff65142000 	C:\Windows\SYSTEM32\WINMM.dll
0x00007fff684e0000 - 0x00007fff684e7000 	C:\Windows\system32\PSAPI.DLL
0x00007fff68990000 - 0x00007fff689ea000 	C:\Windows\system32\WS2_32.dll
0x00007fff65070000 - 0x00007fff6509a000 	C:\Windows\SYSTEM32\WINMMBASE.dll
0x00007fff6aae0000 - 0x00007fff6aae9000 	C:\Windows\system32\NSI.dll
0x00007fff68360000 - 0x00007fff683af000 	C:\Windows\SYSTEM32\cfgmgr32.dll
0x00007fff66cd0000 - 0x00007fff66cf8000 	C:\Windows\SYSTEM32\DEVOBJ.dll
0x000000005df30000 - 0x000000005df3f000 	C:\Program Files\Java\jdk1.7.0_79\jre\bin\verify.dll
0x000000005df00000 - 0x000000005df28000 	C:\Program Files\Java\jdk1.7.0_79\jre\bin\java.dll
0x000000005dee0000 - 0x000000005def5000 	C:\Program Files\Java\jdk1.7.0_79\jre\bin\zip.dll

VM Arguments:
jvm_args: -Didea.launcher.port=7563 -Didea.launcher.bin.path=C:\Program Files (x86)\JetBrains\IntelliJ IDEA Community Edition 14.1.4\bin -Dfile.encoding=windows-1251 
java_command: com.intellij.rt.execution.application.AppMain main.CalculatorFrame
Launcher Type: SUN_STANDARD

Environment Variables:
PATH=C:\Program Files (x86)\NVIDIA Corporation\PhysX\Common;C:\Program Files (x86)\Intel\iCLS Client\;C:\Program Files\Intel\iCLS Client\;C:\Windows\system32;C:\Windows;C:\Windows\System32\Wbem;C:\Windows\System32\WindowsPowerShell\v1.0\;C:\Program Files\Intel\Intel(R) Management Engine Components\DAL;C:\Program Files\Intel\Intel(R) Management Engine Components\IPT;C:\Program Files (x86)\Intel\Intel(R) Management Engine Components\DAL;C:\Program Files (x86)\Intel\Intel(R) Management Engine Components\IPT;C:\Program Files\Microsoft SQL Server\110\Tools\Binn\;c:\Program Files (x86)\Microsoft SQL Server\100\Tools\Binn\;c:\Program Files\Microsoft SQL Server\100\Tools\Binn\;c:\Program Files\Microsoft SQL Server\100\DTS\Binn\;C:\Program Files (x86)\Skype\Phone\;C:\Program Files (x86)\Windows Kits\8.1\Windows Performance Toolkit\
USERNAME=Polina
OS=Windows_NT
PROCESSOR_IDENTIFIER=Intel64 Family 6 Model 69 Stepping 1, GenuineIntel



---------------  S Y S T E M  ---------------

OS: Windows 8.1 , 64 bit Build 9600 

CPU:total 4 (2 cores per cpu, 2 threads per core) family 6 model 69 stepping 1, cmov, cx8, fxsr, mmx, sse, sse2, sse3, ssse3, sse4.1, sse4.2, popcnt, avx, avx2, aes, erms, ht, tsc, tscinvbit

Memory: 4k page, physical 4074604k(1032212k free), swap 7220332k(5424k free)

vm_info: Java HotSpot(TM) 64-Bit Server VM (24.79-b02) for windows-amd64 JRE (1.7.0_79-b15), built on Apr 10 2015 12:36:16 by "java_re" with unknown MS VC++:1600

time: Mon Nov 30 19:02:17 2015
elapsed time: 0 seconds

